PyRosetta-4 2020 [Rosetta PyRosetta4.conda.linux.cxx11thread.serialization.CentOS.python38.Release 2020.39+release.9ee477a1d9d615da653167cf059551268713dda2 2020-09-24T22:05:54] retrieved from: http://www.pyrosetta.org
(C) Copyright Rosetta Commons Member Institutions. Created in JHU by Sergey Lyskov and PyRosetta Team.
core.init: {0} Checking for fconfig files in pwd and ./rosetta/flags
core.init: {0} Rosetta version: PyRosetta4.conda.linux.cxx11thread.serialization.CentOS.python38.Release r266 2020.39+release.9ee477a 9ee477a1d9d615da653167cf059551268713dda2 http://www.pyrosetta.org 2020-09-24T22:05:54
core.init: {0} command: PyRosetta -ex1 -ex2 -linmem_ig 10 -archive_on_disk /tmp/rosetta -database /home/iwe7/anaconda3/envs/scfxn/lib/python3.8/site-packages/pyrosetta/database
basic.random.init_random_generator: {0} 'RNG device' seed mode, using '/dev/urandom', seed=-937303366 seed_offset=0 real_seed=-937303366 thread_index=0
basic.random.init_random_generator: {0} RandomGenerator:init: Normal mode, seed=-937303366 RG_type=mt19937
_________start optimize_____________________gp________________
PyRosetta-4 2020 [Rosetta PyRosetta4.conda.linux.cxx11thread.serialization.CentOS.python38.Release 2020.39+release.9ee477a1d9d615da653167cf059551268713dda2 2020-09-24T22:05:54] retrieved from: http://www.pyrosetta.org
(C) Copyright Rosetta Commons Member Institutions. Created in JHU by Sergey Lyskov and PyRosetta Team.
core.init: {0} Checking for fconfig files in pwd and ./rosetta/flags
core.init: {0} Rosetta version: PyRosetta4.conda.linux.cxx11thread.serialization.CentOS.python38.Release r266 2020.39+release.9ee477a 9ee477a1d9d615da653167cf059551268713dda2 http://www.pyrosetta.org 2020-09-24T22:05:54
core.init: {0} command: PyRosetta -ex1 -ex2 -linmem_ig 10 -archive_on_disk /tmp/rosetta -database /home/iwe7/anaconda3/envs/scfxn/lib/python3.8/site-packages/pyrosetta/database
basic.random.init_random_generator: {0} 'RNG device' seed mode, using '/dev/urandom', seed=1744749591 seed_offset=0 real_seed=1744749591 thread_index=0
basic.random.init_random_generator: {0} RandomGenerator:init: Normal mode, seed=1744749591 RG_type=mt19937
PyRosetta-4 2020 [Rosetta PyRosetta4.conda.linux.cxx11thread.serialization.CentOS.python38.Release 2020.39+release.9ee477a1d9d615da653167cf059551268713dda2 2020-09-24T22:05:54] retrieved from: http://www.pyrosetta.org
(C) Copyright Rosetta Commons Member Institutions. Created in JHU by Sergey Lyskov and PyRosetta Team.
core.init: {0} Checking for fconfig files in pwd and ./rosetta/flags
core.init: {0} Rosetta version: PyRosetta4.conda.linux.cxx11thread.serialization.CentOS.python38.Release r266 2020.39+release.9ee477a 9ee477a1d9d615da653167cf059551268713dda2 http://www.pyrosetta.org 2020-09-24T22:05:54
core.init: {0} command: PyRosetta -ex1 -ex2 -linmem_ig 10 -archive_on_disk /tmp/rosetta -database /home/iwe7/anaconda3/envs/scfxn/lib/python3.8/site-packages/pyrosetta/database
basic.random.init_random_generator: {0} 'RNG device' seed mode, using '/dev/urandom', seed=699845623 seed_offset=0 real_seed=699845623 thread_index=0
basic.random.init_random_generator: {0} RandomGenerator:init: Normal mode, seed=699845623 RG_type=mt19937
PyRosetta-4 2020 [Rosetta PyRosetta4.conda.linux.cxx11thread.serialization.CentOS.python38.Release 2020.39+release.9ee477a1d9d615da653167cf059551268713dda2 2020-09-24T22:05:54] retrieved from: http://www.pyrosetta.org
(C) Copyright Rosetta Commons Member Institutions. Created in JHU by Sergey Lyskov and PyRosetta Team.
core.init: {0} Checking for fconfig files in pwd and ./rosetta/flags
core.init: {0} Rosetta version: PyRosetta4.conda.linux.cxx11thread.serialization.CentOS.python38.Release r266 2020.39+release.9ee477a 9ee477a1d9d615da653167cf059551268713dda2 http://www.pyrosetta.org 2020-09-24T22:05:54
core.init: {0} command: PyRosetta -ex1 -ex2 -linmem_ig 10 -archive_on_disk /tmp/rosetta -database /home/iwe7/anaconda3/envs/scfxn/lib/python3.8/site-packages/pyrosetta/database
basic.random.init_random_generator: {0} 'RNG device' seed mode, using '/dev/urandom', seed=760021215 seed_offset=0 real_seed=760021215 thread_index=0
basic.random.init_random_generator: {0} RandomGenerator:init: Normal mode, seed=760021215 RG_type=mt19937
PyRosetta-4 2020 [Rosetta PyRosetta4.conda.linux.cxx11thread.serialization.CentOS.python38.Release 2020.39+release.9ee477a1d9d615da653167cf059551268713dda2 2020-09-24T22:05:54] retrieved from: http://www.pyrosetta.org
(C) Copyright Rosetta Commons Member Institutions. Created in JHU by Sergey Lyskov and PyRosetta Team.
core.init: {0} Checking for fconfig files in pwd and ./rosetta/flags
core.init: {0} Rosetta version: PyRosetta4.conda.linux.cxx11thread.serialization.CentOS.python38.Release r266 2020.39+release.9ee477a 9ee477a1d9d615da653167cf059551268713dda2 http://www.pyrosetta.org 2020-09-24T22:05:54
core.init: {0} command: PyRosetta -ex1 -ex2 -linmem_ig 10 -archive_on_disk /tmp/rosetta -database /home/iwe7/anaconda3/envs/scfxn/lib/python3.8/site-packages/pyrosetta/database
basic.random.init_random_generator: {0} 'RNG device' seed mode, using '/dev/urandom', seed=1965354367 seed_offset=0 real_seed=1965354367 thread_index=0
basic.random.init_random_generator: {0} RandomGenerator:init: Normal mode, seed=1965354367 RG_type=mt19937
PyRosetta-4 2020 [Rosetta PyRosetta4.conda.linux.cxx11thread.serialization.CentOS.python38.Release 2020.39+release.9ee477a1d9d615da653167cf059551268713dda2 2020-09-24T22:05:54] retrieved from: http://www.pyrosetta.org
(C) Copyright Rosetta Commons Member Institutions. Created in JHU by Sergey Lyskov and PyRosetta Team.
core.init: {0} Checking for fconfig files in pwd and ./rosetta/flags
PyRosetta-4 2020 [Rosetta PyRosetta4.conda.linux.cxx11thread.serialization.CentOS.python38.Release 2020.39+release.9ee477a1d9d615da653167cf059551268713dda2 2020-09-24T22:05:54] retrieved from: http://www.pyrosetta.org
(C) Copyright Rosetta Commons Member Institutions. Created in JHU by Sergey Lyskov and PyRosetta Team.
core.init: {0} Checking for fconfig files in pwd and ./rosetta/flags
core.init: {0} Rosetta version: PyRosetta4.conda.linux.cxx11thread.serialization.CentOS.python38.Release r266 2020.39+release.9ee477a 9ee477a1d9d615da653167cf059551268713dda2 http://www.pyrosetta.org 2020-09-24T22:05:54
core.init: {0} command: PyRosetta -ex1 -ex2 -linmem_ig 10 -archive_on_disk /tmp/rosetta -database /home/iwe7/anaconda3/envs/scfxn/lib/python3.8/site-packages/pyrosetta/database
core.init: {0} Rosetta version: PyRosetta4.conda.linux.cxx11thread.serialization.CentOS.python38.Release r266 2020.39+release.9ee477a 9ee477a1d9d615da653167cf059551268713dda2 http://www.pyrosetta.org 2020-09-24T22:05:54
core.init: {0} command: PyRosetta -ex1 -ex2 -linmem_ig 10 -archive_on_disk /tmp/rosetta -database /home/iwe7/anaconda3/envs/scfxn/lib/python3.8/site-packages/pyrosetta/database
basic.random.init_random_generator: {0} 'RNG device' seed mode, using '/dev/urandom', seed=1324814859 seed_offset=0 real_seed=1324814859 thread_index=0
basic.random.init_random_generator: {0} RandomGenerator:init: Normal mode, seed=1324814859 RG_type=mt19937
basic.random.init_random_generator: {0} 'RNG device' seed mode, using '/dev/urandom', seed=-248803320 seed_offset=0 real_seed=-248803320 thread_index=0
basic.random.init_random_generator: {0} RandomGenerator:init: Normal mode, seed=-248803320 RG_type=mt19937
PyRosetta-4 2020 [Rosetta PyRosetta4.conda.linux.cxx11thread.serialization.CentOS.python38.Release 2020.39+release.9ee477a1d9d615da653167cf059551268713dda2 2020-09-24T22:05:54] retrieved from: http://www.pyrosetta.org
(C) Copyright Rosetta Commons Member Institutions. Created in JHU by Sergey Lyskov and PyRosetta Team.
core.init: {0} Checking for fconfig files in pwd and ./rosetta/flags
core.init: {0} Rosetta version: PyRosetta4.conda.linux.cxx11thread.serialization.CentOS.python38.Release r266 2020.39+release.9ee477a 9ee477a1d9d615da653167cf059551268713dda2 http://www.pyrosetta.org 2020-09-24T22:05:54
core.init: {0} command: PyRosetta -ex1 -ex2 -linmem_ig 10 -archive_on_disk /tmp/rosetta -database /home/iwe7/anaconda3/envs/scfxn/lib/python3.8/site-packages/pyrosetta/database
basic.random.init_random_generator: {0} 'RNG device' seed mode, using '/dev/urandom', seed=-629717644 seed_offset=0 real_seed=-629717644 thread_index=0
basic.random.init_random_generator: {0} RandomGenerator:init: Normal mode, seed=-629717644 RG_type=mt19937
PyRosetta-4 2020 [Rosetta PyRosetta4.conda.linux.cxx11thread.serialization.CentOS.python38.Release 2020.39+release.9ee477a1d9d615da653167cf059551268713dda2 2020-09-24T22:05:54] retrieved from: http://www.pyrosetta.org
(C) Copyright Rosetta Commons Member Institutions. Created in JHU by Sergey Lyskov and PyRosetta Team.
core.init: {0} Checking for fconfig files in pwd and ./rosetta/flags
core.init: {0} Rosetta version: PyRosetta4.conda.linux.cxx11thread.serialization.CentOS.python38.Release r266 2020.39+release.9ee477a 9ee477a1d9d615da653167cf059551268713dda2 http://www.pyrosetta.org 2020-09-24T22:05:54
core.init: {0} command: PyRosetta -ex1 -ex2 -linmem_ig 10 -archive_on_disk /tmp/rosetta -database /home/iwe7/anaconda3/envs/scfxn/lib/python3.8/site-packages/pyrosetta/database
basic.random.init_random_generator: {0} 'RNG device' seed mode, using '/dev/urandom', seed=-237954058 seed_offset=0 real_seed=-237954058 thread_index=0
basic.random.init_random_generator: {0} RandomGenerator:init: Normal mode, seed=-237954058 RG_type=mt19937
PyRosetta-4 2020 [Rosetta PyRosetta4.conda.linux.cxx11thread.serialization.CentOS.python38.Release 2020.39+release.9ee477a1d9d615da653167cf059551268713dda2 2020-09-24T22:05:54] retrieved from: http://www.pyrosetta.org
(C) Copyright Rosetta Commons Member Institutions. Created in JHU by Sergey Lyskov and PyRosetta Team.
core.init: {0} Checking for fconfig files in pwd and ./rosetta/flags
core.init: {0} Rosetta version: PyRosetta4.conda.linux.cxx11thread.serialization.CentOS.python38.Release r266 2020.39+release.9ee477a 9ee477a1d9d615da653167cf059551268713dda2 http://www.pyrosetta.org 2020-09-24T22:05:54
core.init: {0} command: PyRosetta -ex1 -ex2 -linmem_ig 10 -archive_on_disk /tmp/rosetta -database /home/iwe7/anaconda3/envs/scfxn/lib/python3.8/site-packages/pyrosetta/database
basic.random.init_random_generator: {0} 'RNG device' seed mode, using '/dev/urandom', seed=-1896188438 seed_offset=0 real_seed=-1896188438 thread_index=0
basic.random.init_random_generator: {0} RandomGenerator:init: Normal mode, seed=-1896188438 RG_type=mt19937
PyRosetta-4 2020 [Rosetta PyRosetta4.conda.linux.cxx11thread.serialization.CentOS.python38.Release 2020.39+release.9ee477a1d9d615da653167cf059551268713dda2 2020-09-24T22:05:54] retrieved from: http://www.pyrosetta.org
(C) Copyright Rosetta Commons Member Institutions. Created in JHU by Sergey Lyskov and PyRosetta Team.
core.init: {0} Checking for fconfig files in pwd and ./rosetta/flags
core.init: {0} Rosetta version: PyRosetta4.conda.linux.cxx11thread.serialization.CentOS.python38.Release r266 2020.39+release.9ee477a 9ee477a1d9d615da653167cf059551268713dda2 http://www.pyrosetta.org 2020-09-24T22:05:54
core.init: {0} command: PyRosetta -ex1 -ex2 -linmem_ig 10 -archive_on_disk /tmp/rosetta -database /home/iwe7/anaconda3/envs/scfxn/lib/python3.8/site-packages/pyrosetta/database
basic.random.init_random_generator: {0} 'RNG device' seed mode, using '/dev/urandom', seed=546475415 seed_offset=0 real_seed=546475415 thread_index=0
basic.random.init_random_generator: {0} RandomGenerator:init: Normal mode, seed=546475415 RG_type=mt19937
PyRosetta-4 2020 [Rosetta PyRosetta4.conda.linux.cxx11thread.serialization.CentOS.python38.Release 2020.39+release.9ee477a1d9d615da653167cf059551268713dda2 2020-09-24T22:05:54] retrieved from: http://www.pyrosetta.org
(C) Copyright Rosetta Commons Member Institutions. Created in JHU by Sergey Lyskov and PyRosetta Team.
core.init: {0} Checking for fconfig files in pwd and ./rosetta/flags
core.init: {0} Rosetta version: PyRosetta4.conda.linux.cxx11thread.serialization.CentOS.python38.Release r266 2020.39+release.9ee477a 9ee477a1d9d615da653167cf059551268713dda2 http://www.pyrosetta.org 2020-09-24T22:05:54
core.init: {0} command: PyRosetta -ex1 -ex2 -linmem_ig 10 -archive_on_disk /tmp/rosetta -database /home/iwe7/anaconda3/envs/scfxn/lib/python3.8/site-packages/pyrosetta/database
basic.random.init_random_generator: {0} 'RNG device' seed mode, using '/dev/urandom', seed=-549485978 seed_offset=0 real_seed=-549485978 thread_index=0
basic.random.init_random_generator: {0} RandomGenerator:init: Normal mode, seed=-549485978 RG_type=mt19937
PyRosetta-4 2020 [Rosetta PyRosetta4.conda.linux.cxx11thread.serialization.CentOS.python38.Release 2020.39+release.9ee477a1d9d615da653167cf059551268713dda2 2020-09-24T22:05:54] retrieved from: http://www.pyrosetta.org
(C) Copyright Rosetta Commons Member Institutions. Created in JHU by Sergey Lyskov and PyRosetta Team.
core.init: {0} Checking for fconfig files in pwd and ./rosetta/flags
core.init: {0} Rosetta version: PyRosetta4.conda.linux.cxx11thread.serialization.CentOS.python38.Release r266 2020.39+release.9ee477a 9ee477a1d9d615da653167cf059551268713dda2 http://www.pyrosetta.org 2020-09-24T22:05:54
core.init: {0} command: PyRosetta -ex1 -ex2 -linmem_ig 10 -archive_on_disk /tmp/rosetta -database /home/iwe7/anaconda3/envs/scfxn/lib/python3.8/site-packages/pyrosetta/database
basic.random.init_random_generator: {0} 'RNG device' seed mode, using '/dev/urandom', seed=1666169924 seed_offset=0 real_seed=1666169924 thread_index=0
basic.random.init_random_generator: {0} RandomGenerator:init: Normal mode, seed=1666169924 RG_type=mt19937
PyRosetta-4 2020 [Rosetta PyRosetta4.conda.linux.cxx11thread.serialization.CentOS.python38.Release 2020.39+release.9ee477a1d9d615da653167cf059551268713dda2 2020-09-24T22:05:54] retrieved from: http://www.pyrosetta.org
(C) Copyright Rosetta Commons Member Institutions. Created in JHU by Sergey Lyskov and PyRosetta Team.
core.init: {0} Checking for fconfig files in pwd and ./rosetta/flags
core.init: {0} Rosetta version: PyRosetta4.conda.linux.cxx11thread.serialization.CentOS.python38.Release r266 2020.39+release.9ee477a 9ee477a1d9d615da653167cf059551268713dda2 http://www.pyrosetta.org 2020-09-24T22:05:54
core.init: {0} command: PyRosetta -ex1 -ex2 -linmem_ig 10 -archive_on_disk /tmp/rosetta -database /home/iwe7/anaconda3/envs/scfxn/lib/python3.8/site-packages/pyrosetta/database
basic.random.init_random_generator: {0} 'RNG device' seed mode, using '/dev/urandom', seed=-1642993583 seed_offset=0 real_seed=-1642993583 thread_index=0
basic.random.init_random_generator: {0} RandomGenerator:init: Normal mode, seed=-1642993583 RG_type=mt19937
PyRosetta-4 2020 [Rosetta PyRosetta4.conda.linux.cxx11thread.serialization.CentOS.python38.Release 2020.39+release.9ee477a1d9d615da653167cf059551268713dda2 2020-09-24T22:05:54] retrieved from: http://www.pyrosetta.org
(C) Copyright Rosetta Commons Member Institutions. Created in JHU by Sergey Lyskov and PyRosetta Team.
core.init: {0} Checking for fconfig files in pwd and ./rosetta/flags
core.init: {0} Rosetta version: PyRosetta4.conda.linux.cxx11thread.serialization.CentOS.python38.Release r266 2020.39+release.9ee477a 9ee477a1d9d615da653167cf059551268713dda2 http://www.pyrosetta.org 2020-09-24T22:05:54
core.init: {0} command: PyRosetta -ex1 -ex2 -linmem_ig 10 -archive_on_disk /tmp/rosetta -database /home/iwe7/anaconda3/envs/scfxn/lib/python3.8/site-packages/pyrosetta/database
basic.random.init_random_generator: {0} 'RNG device' seed mode, using '/dev/urandom', seed=-1470535744 seed_offset=0 real_seed=-1470535744 thread_index=0
basic.random.init_random_generator: {0} RandomGenerator:init: Normal mode, seed=-1470535744 RG_type=mt19937
PyRosetta-4 2020 [Rosetta PyRosetta4.conda.linux.cxx11thread.serialization.CentOS.python38.Release 2020.39+release.9ee477a1d9d615da653167cf059551268713dda2 2020-09-24T22:05:54] retrieved from: http://www.pyrosetta.org
(C) Copyright Rosetta Commons Member Institutions. Created in JHU by Sergey Lyskov and PyRosetta Team.
core.init: {0} Checking for fconfig files in pwd and ./rosetta/flags
core.init: {0} Rosetta version: PyRosetta4.conda.linux.cxx11thread.serialization.CentOS.python38.Release r266 2020.39+release.9ee477a 9ee477a1d9d615da653167cf059551268713dda2 http://www.pyrosetta.org 2020-09-24T22:05:54
core.init: {0} command: PyRosetta -ex1 -ex2 -linmem_ig 10 -archive_on_disk /tmp/rosetta -database /home/iwe7/anaconda3/envs/scfxn/lib/python3.8/site-packages/pyrosetta/database
basic.random.init_random_generator: {0} 'RNG device' seed mode, using '/dev/urandom', seed=-902997546 seed_offset=0 real_seed=-902997546 thread_index=0
basic.random.init_random_generator: {0} RandomGenerator:init: Normal mode, seed=-902997546 RG_type=mt19937
PyRosetta-4 2020 [Rosetta PyRosetta4.conda.linux.cxx11thread.serialization.CentOS.python38.Release 2020.39+release.9ee477a1d9d615da653167cf059551268713dda2 2020-09-24T22:05:54] retrieved from: http://www.pyrosetta.org
(C) Copyright Rosetta Commons Member Institutions. Created in JHU by Sergey Lyskov and PyRosetta Team.
core.init: {0} Checking for fconfig files in pwd and ./rosetta/flags
core.init: {0} Rosetta version: PyRosetta4.conda.linux.cxx11thread.serialization.CentOS.python38.Release r266 2020.39+release.9ee477a 9ee477a1d9d615da653167cf059551268713dda2 http://www.pyrosetta.org 2020-09-24T22:05:54
core.init: {0} command: PyRosetta -ex1 -ex2 -linmem_ig 10 -archive_on_disk /tmp/rosetta -database /home/iwe7/anaconda3/envs/scfxn/lib/python3.8/site-packages/pyrosetta/database
basic.random.init_random_generator: {0} 'RNG device' seed mode, using '/dev/urandom', seed=-1905716354 seed_offset=0 real_seed=-1905716354 thread_index=0
basic.random.init_random_generator: {0} RandomGenerator:init: Normal mode, seed=-1905716354 RG_type=mt19937
PyRosetta-4 2020 [Rosetta PyRosetta4.conda.linux.cxx11thread.serialization.CentOS.python38.Release 2020.39+release.9ee477a1d9d615da653167cf059551268713dda2 2020-09-24T22:05:54] retrieved from: http://www.pyrosetta.org
(C) Copyright Rosetta Commons Member Institutions. Created in JHU by Sergey Lyskov and PyRosetta Team.
core.init: {0} Checking for fconfig files in pwd and ./rosetta/flags
core.init: {0} Rosetta version: PyRosetta4.conda.linux.cxx11thread.serialization.CentOS.python38.Release r266 2020.39+release.9ee477a 9ee477a1d9d615da653167cf059551268713dda2 http://www.pyrosetta.org 2020-09-24T22:05:54
core.init: {0} command: PyRosetta -ex1 -ex2 -linmem_ig 10 -archive_on_disk /tmp/rosetta -database /home/iwe7/anaconda3/envs/scfxn/lib/python3.8/site-packages/pyrosetta/database
basic.random.init_random_generator: {0} 'RNG device' seed mode, using '/dev/urandom', seed=1573238264 seed_offset=0 real_seed=1573238264 thread_index=0
basic.random.init_random_generator: {0} RandomGenerator:init: Normal mode, seed=1573238264 RG_type=mt19937
PyRosetta-4 2020 [Rosetta PyRosetta4.conda.linux.cxx11thread.serialization.CentOS.python38.Release 2020.39+release.9ee477a1d9d615da653167cf059551268713dda2 2020-09-24T22:05:54] retrieved from: http://www.pyrosetta.org
(C) Copyright Rosetta Commons Member Institutions. Created in JHU by Sergey Lyskov and PyRosetta Team.
core.init: {0} Checking for fconfig files in pwd and ./rosetta/flags
core.init: {0} Rosetta version: PyRosetta4.conda.linux.cxx11thread.serialization.CentOS.python38.Release r266 2020.39+release.9ee477a 9ee477a1d9d615da653167cf059551268713dda2 http://www.pyrosetta.org 2020-09-24T22:05:54
core.init: {0} command: PyRosetta -ex1 -ex2 -linmem_ig 10 -archive_on_disk /tmp/rosetta -database /home/iwe7/anaconda3/envs/scfxn/lib/python3.8/site-packages/pyrosetta/database
basic.random.init_random_generator: {0} 'RNG device' seed mode, using '/dev/urandom', seed=-460982549 seed_offset=0 real_seed=-460982549 thread_index=0
basic.random.init_random_generator: {0} RandomGenerator:init: Normal mode, seed=-460982549 RG_type=mt19937
PyRosetta-4 2020 [Rosetta PyRosetta4.conda.linux.cxx11thread.serialization.CentOS.python38.Release 2020.39+release.9ee477a1d9d615da653167cf059551268713dda2 2020-09-24T22:05:54] retrieved from: http://www.pyrosetta.org
(C) Copyright Rosetta Commons Member Institutions. Created in JHU by Sergey Lyskov and PyRosetta Team.
core.init: {0} Checking for fconfig files in pwd and ./rosetta/flags
core.init: {0} Rosetta version: PyRosetta4.conda.linux.cxx11thread.serialization.CentOS.python38.Release r266 2020.39+release.9ee477a 9ee477a1d9d615da653167cf059551268713dda2 http://www.pyrosetta.org 2020-09-24T22:05:54
core.init: {0} command: PyRosetta -ex1 -ex2 -linmem_ig 10 -archive_on_disk /tmp/rosetta -database /home/iwe7/anaconda3/envs/scfxn/lib/python3.8/site-packages/pyrosetta/database
basic.random.init_random_generator: {0} 'RNG device' seed mode, using '/dev/urandom', seed=1006270120 seed_offset=0 real_seed=1006270120 thread_index=0
basic.random.init_random_generator: {0} RandomGenerator:init: Normal mode, seed=1006270120 RG_type=mt19937
PyRosetta-4 2020 [Rosetta PyRosetta4.conda.linux.cxx11thread.serialization.CentOS.python38.Release 2020.39+release.9ee477a1d9d615da653167cf059551268713dda2 2020-09-24T22:05:54] retrieved from: http://www.pyrosetta.org
(C) Copyright Rosetta Commons Member Institutions. Created in JHU by Sergey Lyskov and PyRosetta Team.
core.init: {0} Checking for fconfig files in pwd and ./rosetta/flags
core.init: {0} Rosetta version: PyRosetta4.conda.linux.cxx11thread.serialization.CentOS.python38.Release r266 2020.39+release.9ee477a 9ee477a1d9d615da653167cf059551268713dda2 http://www.pyrosetta.org 2020-09-24T22:05:54
core.init: {0} command: PyRosetta -ex1 -ex2 -linmem_ig 10 -archive_on_disk /tmp/rosetta -database /home/iwe7/anaconda3/envs/scfxn/lib/python3.8/site-packages/pyrosetta/database
basic.random.init_random_generator: {0} 'RNG device' seed mode, using '/dev/urandom', seed=1032711076 seed_offset=0 real_seed=1032711076 thread_index=0
basic.random.init_random_generator: {0} RandomGenerator:init: Normal mode, seed=1032711076 RG_type=mt19937
PyRosetta-4 2020 [Rosetta PyRosetta4.conda.linux.cxx11thread.serialization.CentOS.python38.Release 2020.39+release.9ee477a1d9d615da653167cf059551268713dda2 2020-09-24T22:05:54] retrieved from: http://www.pyrosetta.org
(C) Copyright Rosetta Commons Member Institutions. Created in JHU by Sergey Lyskov and PyRosetta Team.
core.init: {0} Checking for fconfig files in pwd and ./rosetta/flags
core.init: {0} Rosetta version: PyRosetta4.conda.linux.cxx11thread.serialization.CentOS.python38.Release r266 2020.39+release.9ee477a 9ee477a1d9d615da653167cf059551268713dda2 http://www.pyrosetta.org 2020-09-24T22:05:54
core.init: {0} command: PyRosetta -ex1 -ex2 -linmem_ig 10 -archive_on_disk /tmp/rosetta -database /home/iwe7/anaconda3/envs/scfxn/lib/python3.8/site-packages/pyrosetta/database
basic.random.init_random_generator: {0} 'RNG device' seed mode, using '/dev/urandom', seed=978110137 seed_offset=0 real_seed=978110137 thread_index=0
basic.random.init_random_generator: {0} RandomGenerator:init: Normal mode, seed=978110137 RG_type=mt19937
PyRosetta-4 2020 [Rosetta PyRosetta4.conda.linux.cxx11thread.serialization.CentOS.python38.Release 2020.39+release.9ee477a1d9d615da653167cf059551268713dda2 2020-09-24T22:05:54] retrieved from: http://www.pyrosetta.org
(C) Copyright Rosetta Commons Member Institutions. Created in JHU by Sergey Lyskov and PyRosetta Team.
core.init: {0} Checking for fconfig files in pwd and ./rosetta/flags
core.init: {0} Rosetta version: PyRosetta4.conda.linux.cxx11thread.serialization.CentOS.python38.Release r266 2020.39+release.9ee477a 9ee477a1d9d615da653167cf059551268713dda2 http://www.pyrosetta.org 2020-09-24T22:05:54
core.init: {0} command: PyRosetta -ex1 -ex2 -linmem_ig 10 -archive_on_disk /tmp/rosetta -database /home/iwe7/anaconda3/envs/scfxn/lib/python3.8/site-packages/pyrosetta/database
basic.random.init_random_generator: {0} 'RNG device' seed mode, using '/dev/urandom', seed=-671613129 seed_offset=0 real_seed=-671613129 thread_index=0
basic.random.init_random_generator: {0} RandomGenerator:init: Normal mode, seed=-671613129 RG_type=mt19937
PyRosetta-4 2020 [Rosetta PyRosetta4.conda.linux.cxx11thread.serialization.CentOS.python38.Release 2020.39+release.9ee477a1d9d615da653167cf059551268713dda2 2020-09-24T22:05:54] retrieved from: http://www.pyrosetta.org
(C) Copyright Rosetta Commons Member Institutions. Created in JHU by Sergey Lyskov and PyRosetta Team.
core.init: {0} Checking for fconfig files in pwd and ./rosetta/flags
core.init: {0} Rosetta version: PyRosetta4.conda.linux.cxx11thread.serialization.CentOS.python38.Release r266 2020.39+release.9ee477a 9ee477a1d9d615da653167cf059551268713dda2 http://www.pyrosetta.org 2020-09-24T22:05:54
core.init: {0} command: PyRosetta -ex1 -ex2 -linmem_ig 10 -archive_on_disk /tmp/rosetta -database /home/iwe7/anaconda3/envs/scfxn/lib/python3.8/site-packages/pyrosetta/database
basic.random.init_random_generator: {0} 'RNG device' seed mode, using '/dev/urandom', seed=-80888682 seed_offset=0 real_seed=-80888682 thread_index=0
basic.random.init_random_generator: {0} RandomGenerator:init: Normal mode, seed=-80888682 RG_type=mt19937
PyRosetta-4 2020 [Rosetta PyRosetta4.conda.linux.cxx11thread.serialization.CentOS.python38.Release 2020.39+release.9ee477a1d9d615da653167cf059551268713dda2 2020-09-24T22:05:54] retrieved from: http://www.pyrosetta.org
(C) Copyright Rosetta Commons Member Institutions. Created in JHU by Sergey Lyskov and PyRosetta Team.
core.init: {0} Checking for fconfig files in pwd and ./rosetta/flags
core.init: {0} Rosetta version: PyRosetta4.conda.linux.cxx11thread.serialization.CentOS.python38.Release r266 2020.39+release.9ee477a 9ee477a1d9d615da653167cf059551268713dda2 http://www.pyrosetta.org 2020-09-24T22:05:54
core.init: {0} command: PyRosetta -ex1 -ex2 -linmem_ig 10 -archive_on_disk /tmp/rosetta -database /home/iwe7/anaconda3/envs/scfxn/lib/python3.8/site-packages/pyrosetta/database
basic.random.init_random_generator: {0} 'RNG device' seed mode, using '/dev/urandom', seed=-1568129796 seed_offset=0 real_seed=-1568129796 thread_index=0
basic.random.init_random_generator: {0} RandomGenerator:init: Normal mode, seed=-1568129796 RG_type=mt19937
Starting  6 initial_configs each running  4

 
 
 BEFORE WHILE
CALLBACK
CALLBACK
CALLBACK
CALLBACK
CALLBACK
CALLBACK
CALLBACK
CALLBACK
CALLBACK
CALLBACK
CALLBACK
CALLBACK
CALLBACK
CALLBACK
CALLBACK
CALLBACK
CALLBACK
CALLBACK
CALLBACK
CALLBACK
CALLBACK
CALLBACK
CALLBACK
CALLBACK
CALLBACK
CALLBACK
CALLBACK
CALLBACK
PENDING:  23
CALLBACK
PENDING:  22
CALLBACK
PENDING:  21
CALLBACK
PENDING:  20
CALLBACK
PENDING:  19
CALLBACK
PENDING:  18
CALLBACK
PENDING:  17
CALLBACK
PENDING:  16
CALLBACK
PENDING:  15
CALLBACK
PENDING:  14
CALLBACK
PENDING:  13
CALLBACK
PENDING:  12
CALLBACK
PENDING:  11
CALLBACK
PENDING:  10
CALLBACK
PENDING:  9
CALLBACK
PENDING:  8
CALLBACK
PENDING:  7
CALLBACK
PENDING:  6
CALLBACK
PENDING:  5
CALLBACK
PENDING:  4
CALLBACK
PENDING:  3
CALLBACK
PENDING:  2
CALLBACK
PENDING:  1
CALLBACK
PENDING:  0
wait for all Processes to finish and close pool
Took: 01: 27: 09 to run
